<?xml version="1.0" encoding="UTF-8"?>
<!-- Generated by org.testng.reporters.JUnitXMLReporter -->
<testsuite ignored="0" hostname="DESKTOP-K2QB92J" failures="0" tests="5" name="HomePage" time="9.99" errors="0" timestamp="2024-05-08T23:40:46 IST">
  <testcase classname="PageTests.HomePageTest" name="checkLoginButtonText" time="0.036"/>
  <testcase classname="PageTests.HomePageTest" name="checkHeaderText" time="0.021"/>
  <testcase classname="PageTests.HomePageTest" name="clickOnLogin" time="0.38"/>
  <testcase classname="PageTests.HomePageTest" name="checkLogin" time="0.16"/>
  <testcase classname="PageTests.HomePageTest" name="checkLoginFuntion" time="7.182"/>
</testsuite> <!-- HomePage -->
