<?xml version="1.0" encoding="UTF-8"?>
<!-- Generated by org.testng.reporters.JUnitXMLReporter -->
<testsuite ignored="0" hostname="DESKTOP-K2QB92J" failures="2" tests="3" name="Test" time="2.67" errors="0" timestamp="2024-05-08T23:09:22 IST">
  <testcase classname="PageTests.HomePageTest" name="checkLoginButtonText" time="0.043">
    <failure type="java.lang.AssertionError" message="expected [Logifn] but found [Login]">
      <![CDATA[java.lang.AssertionError: expected [Logifn] but found [Login]
at PageTests.HomePageTest.checkLoginButtonText(HomePageTest.java:23)
at java.base/java.util.ArrayList.forEach(ArrayList.java:1511)
... Removed 33 stack frames]]>
    </failure>
  </testcase> <!-- checkLoginButtonText -->
  <testcase classname="PageTests.HomePageTest" name="checkHeaderText" time="0.018">
    <failure type="java.lang.AssertionError" message="expected [Every tool yfou need to work with PDFs in one place] but found [Every tool you need to work with PDFs in one place]">
      <![CDATA[java.lang.AssertionError: expected [Every tool yfou need to work with PDFs in one place] but found [Every tool you need to work with PDFs in one place]
at PageTests.HomePageTest.checkHeaderText(HomePageTest.java:29)
at java.base/java.util.ArrayList.forEach(ArrayList.java:1511)
... Removed 33 stack frames]]>
    </failure>
  </testcase> <!-- checkHeaderText -->
  <testcase classname="PageTests.HomePageTest" name="clickOnLogin" time="0.405"/>
</testsuite> <!-- Test -->
