<?xml version="1.0" encoding="UTF-8"?>
<testng-results ignored="0" total="5" passed="5" failed="0" skipped="0">
  <reporter-output>
  </reporter-output>
  <suite started-at="2024-05-08T23:40:36 IST" name="Suite" finished-at="2024-05-08T23:40:46 IST" duration-ms="9990">
    <groups>
    </groups>
    <test started-at="2024-05-08T23:40:36 IST" name="HomePage" finished-at="2024-05-08T23:40:46 IST" duration-ms="9990">
      <class name="PageTests.HomePageTest">
        <test-method is-config="true" signature="startUp()[pri:0, instance:PageTests.HomePageTest@692f203f]" started-at="2024-05-08T23:40:36 IST" name="startUp" finished-at="2024-05-08T23:40:38 IST" duration-ms="1998" status="PASS">
          <reporter-output>
          </reporter-output>
        </test-method> <!-- startUp -->
        <test-method signature="checkLoginButtonText()[pri:1, instance:PageTests.HomePageTest@692f203f]" started-at="2024-05-08T23:40:38 IST" name="checkLoginButtonText" finished-at="2024-05-08T23:40:38 IST" duration-ms="36" status="PASS">
          <reporter-output>
          </reporter-output>
        </test-method> <!-- checkLoginButtonText -->
        <test-method signature="checkHeaderText()[pri:2, instance:PageTests.HomePageTest@692f203f]" started-at="2024-05-08T23:40:38 IST" name="checkHeaderText" finished-at="2024-05-08T23:40:38 IST" duration-ms="21" status="PASS">
          <reporter-output>
          </reporter-output>
        </test-method> <!-- checkHeaderText -->
        <test-method signature="clickOnLogin()[pri:3, instance:PageTests.HomePageTest@692f203f]" started-at="2024-05-08T23:40:38 IST" name="clickOnLogin" finished-at="2024-05-08T23:40:38 IST" duration-ms="380" status="PASS">
          <reporter-output>
          </reporter-output>
        </test-method> <!-- clickOnLogin -->
        <test-method signature="checkLogin()[pri:4, instance:PageTests.HomePageTest@692f203f]" started-at="2024-05-08T23:40:38 IST" name="checkLogin" finished-at="2024-05-08T23:40:38 IST" duration-ms="160" status="PASS">
          <reporter-output>
          </reporter-output>
        </test-method> <!-- checkLogin -->
        <test-method signature="checkLoginFuntion()[pri:5, instance:PageTests.HomePageTest@692f203f]" started-at="2024-05-08T23:40:38 IST" name="checkLoginFuntion" finished-at="2024-05-08T23:40:45 IST" duration-ms="7182" status="PASS">
          <reporter-output>
          </reporter-output>
        </test-method> <!-- checkLoginFuntion -->
        <test-method is-config="true" signature="tearDown()[pri:0, instance:PageTests.HomePageTest@692f203f]" started-at="2024-05-08T23:40:45 IST" name="tearDown" finished-at="2024-05-08T23:40:46 IST" duration-ms="174" status="PASS">
          <reporter-output>
          </reporter-output>
        </test-method> <!-- tearDown -->
      </class> <!-- PageTests.HomePageTest -->
    </test> <!-- HomePage -->
  </suite> <!-- Suite -->
</testng-results>
