<?xml version="1.0" encoding="UTF-8"?>
<!-- Generated by org.testng.reporters.JUnitXMLReporter -->
<testsuite ignored="0" hostname="DESKTOP-K2QB92J" failures="0" tests="4" name="Default test" time="2.621" errors="0" timestamp="2024-05-08T23:28:36 IST">
  <testcase classname="PageTests.HomePageTest" name="checkLoginButtonText" time="0.038"/>
  <testcase classname="PageTests.HomePageTest" name="checkHeaderText" time="0.03"/>
  <testcase classname="PageTests.HomePageTest" name="clickOnLogin" time="0.432"/>
  <testcase classname="PageTests.HomePageTest" name="checkLogin" time="0.15"/>
</testsuite> <!-- Default test -->
