<?xml version="1.0" encoding="UTF-8"?>
<!-- Generated by org.testng.reporters.JUnitReportReporter -->
<testsuite hostname="DESKTOP-K2QB92J" failures="0" tests="2" name="cucumber.TestNGTestRunner" time="14.556" errors="1" timestamp="2024-05-09T18:15:34 IST" skipped="0">
  <testcase classname="cucumber.TestNGTestRunner" name="runScenario" time="2.114">
    <error message="Cannot invoke &quot;org.openqa.selenium.SearchContext.findElement(org.openqa.selenium.By)&quot; because &quot;this.searchContext&quot; is null" type="java.lang.NullPointerException">
      <![CDATA[java.lang.NullPointerException: Cannot invoke "org.openqa.selenium.SearchContext.findElement(org.openqa.selenium.By)" because "this.searchContext" is null
at org.openqa.selenium.support.pagefactory.DefaultElementLocator.findElement(DefaultElementLocator.java:68)
at org.openqa.selenium.support.pagefactory.internal.LocatingElementHandler.invoke(LocatingElementHandler.java:38)
at jdk.proxy2/jdk.proxy2.$Proxy22.getText(Unknown Source)
at PageObjects.HomePage.fetchButtonText(HomePage.java:42)
at stepDefinition.StepDefinitionImplementation.i_verify_the_text_of_the_login_button_is_equal_to_login(StepDefinitionImplementation.java:34)
at ✽.I verify the text of the Login button is equal to "Login"(file:///C:/Users/Dank/git/iLovePDFAutomationFramework/iLovePDFAutomation/src/test/java/cucumber/HomePage.feature:12)
]]>
    </error>
  </testcase> <!-- runScenario -->
  <testcase classname="cucumber.TestNGTestRunner" name="runScenario" time="12.442"/>
</testsuite> <!-- cucumber.TestNGTestRunner -->
